[{"line":1,"elements":[{"start_timestamp":"2025-01-19T08:52:41.385Z","before":[{"result":{"error_message":"org.openqa.selenium.remote.http.ConnectionFailedException: Unable to establish websocket connection to http://localhost:53072/devtools/browser/82d785d2-b799-42fd-8474-c0b9b3a9501d\nBuild info: version: '4.5.0', revision: 'fe167b119a'\nSystem info: os.name: 'Windows 11', os.arch: 'amd64', os.version: '10.0', java.version: '23'\nDriver info: driver.version: ChromeDriver\r\n\tat org.openqa.selenium.remote.http.netty.NettyWebSocket.<init>(NettyWebSocket.java:102)\r\n\tat org.openqa.selenium.remote.http.netty.NettyWebSocket.lambda$create$3(NettyWebSocket.java:128)\r\n\tat org.openqa.selenium.remote.http.netty.NettyClient.openSocket(NettyClient.java:107)\r\n\tat org.openqa.selenium.devtools.Connection.<init>(Connection.java:77)\r\n\tat org.openqa.selenium.chromium.ChromiumDriver.lambda$new$2(ChromiumDriver.java:116)\r\n\tat java.base/java.util.Optional.map(Optional.java:260)\r\n\tat org.openqa.selenium.chromium.ChromiumDriver.<init>(ChromiumDriver.java:114)\r\n\tat org.openqa.selenium.chrome.ChromeDriver.<init>(ChromeDriver.java:81)\r\n\tat org.openqa.selenium.chrome.ChromeDriver.<init>(ChromeDriver.java:70)\r\n\tat config.BaseTest.getDriver(BaseTest.java:15)\r\n\tat StepDef.CucumberHook.beforeTest(CucumberHook.java:12)\r\n","duration":1630911600,"status":"failed"},"match":{"location":"StepDef.CucumberHook.beforeTest()"}},{"result":{"error_message":"java.lang.NullPointerException: Cannot invoke \"org.openqa.selenium.WebDriver.get(String)\" because \"this.driver\" is null\r\n\tat controller.LoginPage.loginUser(LoginPage.java:30)\r\n\tat StepDef.HomeStepDef.beforeTest(HomeStepDef.java:17)\r\n","duration":1001500,"status":"failed"},"match":{"location":"StepDef.HomeStepDef.beforeTest()"}}],"line":3,"name":"View Detail Product that exists","description":"","id":"home;view-detail-product-that-exists","after":[{"result":{"error_message":"java.lang.NullPointerException: Cannot invoke \"org.openqa.selenium.WebDriver.close()\" because \"StepDef.CucumberHook.driver\" is null\r\n\tat StepDef.CucumberHook.afterTest(CucumberHook.java:19)\r\n","duration":1044500,"status":"failed"},"match":{"location":"StepDef.CucumberHook.afterTest()"}}],"type":"scenario","keyword":"Scenario","steps":[{"result":{"status":"skipped"},"line":4,"name":"user is at the homepage","match":{"location":"StepDef.LoginStepDef.userWillBeOnHomepage()"},"keyword":"Given "},{"result":{"status":"skipped"},"line":5,"name":"check if this product exists \"Sauce Labs Backpack\"","match":{"arguments":[{"val":"\"Sauce Labs Backpack\"","offset":29}],"location":"StepDef.HomeStepDef.userClickOnProduct(java.lang.String)"},"keyword":"Then "},{"result":{"duration":954800,"status":"skipped"},"line":6,"name":"user click on the product \"Sauce Labs Backpack\"","match":{"arguments":[{"val":"\"Sauce Labs Backpack\"","offset":26}],"location":"StepDef.HomeStepDef.userClickOnTheProduct(java.lang.String)"},"keyword":"Then "},{"result":{"status":"skipped"},"line":7,"name":"user is at product detail page","match":{"location":"StepDef.HomeStepDef.userIsAtProductDetailPage()"},"keyword":"Then "}]},{"start_timestamp":"2025-01-19T08:52:43.045Z","before":[{"result":{"error_message":"org.openqa.selenium.remote.http.ConnectionFailedException: Unable to establish websocket connection to http://localhost:53087/devtools/browser/e9d282ea-5cfa-47cb-9258-01b502667038\nBuild info: version: '4.5.0', revision: 'fe167b119a'\nSystem info: os.name: 'Windows 11', os.arch: 'amd64', os.version: '10.0', java.version: '23'\nDriver info: driver.version: ChromeDriver\r\n\tat org.openqa.selenium.remote.http.netty.NettyWebSocket.<init>(NettyWebSocket.java:102)\r\n\tat org.openqa.selenium.remote.http.netty.NettyWebSocket.lambda$create$3(NettyWebSocket.java:128)\r\n\tat org.openqa.selenium.remote.http.netty.NettyClient.openSocket(NettyClient.java:107)\r\n\tat org.openqa.selenium.devtools.Connection.<init>(Connection.java:77)\r\n\tat org.openqa.selenium.chromium.ChromiumDriver.lambda$new$2(ChromiumDriver.java:116)\r\n\tat java.base/java.util.Optional.map(Optional.java:260)\r\n\tat org.openqa.selenium.chromium.ChromiumDriver.<init>(ChromiumDriver.java:114)\r\n\tat org.openqa.selenium.chrome.ChromeDriver.<init>(ChromeDriver.java:81)\r\n\tat org.openqa.selenium.chrome.ChromeDriver.<init>(ChromeDriver.java:70)\r\n\tat config.BaseTest.getDriver(BaseTest.java:15)\r\n\tat StepDef.CucumberHook.beforeTest(CucumberHook.java:12)\r\n","duration":645676700,"status":"failed"},"match":{"location":"StepDef.CucumberHook.beforeTest()"}},{"result":{"error_message":"java.lang.NullPointerException: Cannot invoke \"org.openqa.selenium.WebDriver.get(String)\" because \"this.driver\" is null\r\n\tat controller.LoginPage.loginUser(LoginPage.java:30)\r\n\tat StepDef.HomeStepDef.beforeTest(HomeStepDef.java:17)\r\n","status":"failed"},"match":{"location":"StepDef.HomeStepDef.beforeTest()"}}],"line":9,"name":"View Detail Product that is not exists","description":"","id":"home;view-detail-product-that-is-not-exists","after":[{"result":{"error_message":"java.lang.NullPointerException: Cannot invoke \"org.openqa.selenium.WebDriver.close()\" because \"StepDef.CucumberHook.driver\" is null\r\n\tat StepDef.CucumberHook.afterTest(CucumberHook.java:19)\r\n","status":"failed"},"match":{"location":"StepDef.CucumberHook.afterTest()"}}],"type":"scenario","keyword":"Scenario","steps":[{"result":{"status":"skipped"},"line":10,"name":"user click on the product \"Sauce Labs Backpack\"","match":{"arguments":[{"val":"\"Sauce Labs Backpack\"","offset":26}],"location":"StepDef.HomeStepDef.userClickOnTheProduct(java.lang.String)"},"keyword":"Given "},{"result":{"duration":15437000,"status":"skipped"},"line":11,"name":"user is at product detail page","match":{"location":"StepDef.HomeStepDef.userIsAtProductDetailPage()"},"keyword":"Then "},{"result":{"status":"skipped"},"line":12,"name":"user change the inventory item id url to 99","match":{"arguments":[{"val":"99","offset":41}],"location":"StepDef.HomeStepDef.userChangeTheInventoryItemIdUrlTo(int)"},"keyword":"Then "},{"result":{"status":"skipped"},"line":13,"name":"user will see item not found page","match":{"location":"StepDef.HomeStepDef.userWillSeeItemNotFoundPage()"},"keyword":"Then "}]}],"name":"Home","description":"","id":"home","keyword":"Feature","uri":"file:src/test/resources/home.feature","tags":[]},{"line":1,"elements":[{"start_timestamp":"2025-01-19T08:52:43.736Z","before":[{"result":{"error_message":"org.openqa.selenium.remote.http.ConnectionFailedException: Unable to establish websocket connection to http://localhost:53103/devtools/browser/081b230d-a1c4-4168-acc8-89cc0639f6e7\nBuild info: version: '4.5.0', revision: 'fe167b119a'\nSystem info: os.name: 'Windows 11', os.arch: 'amd64', os.version: '10.0', java.version: '23'\nDriver info: driver.version: ChromeDriver\r\n\tat org.openqa.selenium.remote.http.netty.NettyWebSocket.<init>(NettyWebSocket.java:102)\r\n\tat org.openqa.selenium.remote.http.netty.NettyWebSocket.lambda$create$3(NettyWebSocket.java:128)\r\n\tat org.openqa.selenium.remote.http.netty.NettyClient.openSocket(NettyClient.java:107)\r\n\tat org.openqa.selenium.devtools.Connection.<init>(Connection.java:77)\r\n\tat org.openqa.selenium.chromium.ChromiumDriver.lambda$new$2(ChromiumDriver.java:116)\r\n\tat java.base/java.util.Optional.map(Optional.java:260)\r\n\tat org.openqa.selenium.chromium.ChromiumDriver.<init>(ChromiumDriver.java:114)\r\n\tat org.openqa.selenium.chrome.ChromeDriver.<init>(ChromeDriver.java:81)\r\n\tat org.openqa.selenium.chrome.ChromeDriver.<init>(ChromeDriver.java:70)\r\n\tat config.BaseTest.getDriver(BaseTest.java:15)\r\n\tat StepDef.CucumberHook.beforeTest(CucumberHook.java:12)\r\n","duration":735082400,"status":"failed"},"match":{"location":"StepDef.CucumberHook.beforeTest()"}},{"result":{"error_message":"java.lang.NullPointerException: Cannot invoke \"org.openqa.selenium.WebDriver.get(String)\" because \"this.driver\" is null\r\n\tat controller.LoginPage.loginUser(LoginPage.java:30)\r\n\tat StepDef.HomeStepDef.beforeTest(HomeStepDef.java:17)\r\n","status":"failed"},"match":{"location":"StepDef.HomeStepDef.beforeTest()"}}],"line":3,"name":"Login with valid username and password","description":"","id":"login;login-with-valid-username-and-password","after":[{"result":{"error_message":"java.lang.NullPointerException: Cannot invoke \"org.openqa.selenium.WebDriver.close()\" because \"StepDef.CucumberHook.driver\" is null\r\n\tat StepDef.CucumberHook.afterTest(CucumberHook.java:19)\r\n","duration":1001900,"status":"failed"},"match":{"location":"StepDef.CucumberHook.afterTest()"}}],"type":"scenario","keyword":"Scenario","steps":[{"result":{"status":"skipped"},"line":4,"name":"user is on login page","match":{"location":"StepDef.LoginStepDef.userIsOnLoginPage()"},"keyword":"Given "},{"result":{"status":"skipped"},"line":5,"name":"user input username with \"standard_user\"","match":{"arguments":[{"val":"\"standard_user\"","offset":25}],"location":"StepDef.LoginStepDef.userInputCorrectUsername(java.lang.String)"},"keyword":"When "},{"result":{"status":"skipped"},"line":6,"name":"user input password with \"secret_sauce\"","match":{"arguments":[{"val":"\"secret_sauce\"","offset":25}],"location":"StepDef.LoginStepDef.userInputPasswordWith(java.lang.String)"},"keyword":"And "},{"result":{"duration":6564300,"status":"skipped"},"line":7,"name":"user click login button","match":{"location":"StepDef.LoginStepDef.userClickLoginButton()"},"keyword":"And "},{"result":{"duration":1000800,"status":"skipped"},"line":8,"name":"user is at the homepage","match":{"location":"StepDef.LoginStepDef.userWillBeOnHomepage()"},"keyword":"Then "}]},{"start_timestamp":"2025-01-19T08:52:44.505Z","before":[{"result":{"error_message":"org.openqa.selenium.remote.http.ConnectionFailedException: Unable to establish websocket connection to http://localhost:53118/devtools/browser/2ec64546-4dc9-42db-8968-1badb33e2f6c\nBuild info: version: '4.5.0', revision: 'fe167b119a'\nSystem info: os.name: 'Windows 11', os.arch: 'amd64', os.version: '10.0', java.version: '23'\nDriver info: driver.version: ChromeDriver\r\n\tat org.openqa.selenium.remote.http.netty.NettyWebSocket.<init>(NettyWebSocket.java:102)\r\n\tat org.openqa.selenium.remote.http.netty.NettyWebSocket.lambda$create$3(NettyWebSocket.java:128)\r\n\tat org.openqa.selenium.remote.http.netty.NettyClient.openSocket(NettyClient.java:107)\r\n\tat org.openqa.selenium.devtools.Connection.<init>(Connection.java:77)\r\n\tat org.openqa.selenium.chromium.ChromiumDriver.lambda$new$2(ChromiumDriver.java:116)\r\n\tat java.base/java.util.Optional.map(Optional.java:260)\r\n\tat org.openqa.selenium.chromium.ChromiumDriver.<init>(ChromiumDriver.java:114)\r\n\tat org.openqa.selenium.chrome.ChromeDriver.<init>(ChromeDriver.java:81)\r\n\tat org.openqa.selenium.chrome.ChromeDriver.<init>(ChromeDriver.java:70)\r\n\tat config.BaseTest.getDriver(BaseTest.java:15)\r\n\tat StepDef.CucumberHook.beforeTest(CucumberHook.java:12)\r\n","duration":796533000,"status":"failed"},"match":{"location":"StepDef.CucumberHook.beforeTest()"}},{"result":{"error_message":"java.lang.NullPointerException: Cannot invoke \"org.openqa.selenium.WebDriver.get(String)\" because \"this.driver\" is null\r\n\tat controller.LoginPage.loginUser(LoginPage.java:30)\r\n\tat StepDef.HomeStepDef.beforeTest(HomeStepDef.java:17)\r\n","duration":8257000,"status":"failed"},"match":{"location":"StepDef.HomeStepDef.beforeTest()"}}],"line":10,"name":"Login with invalid username or password","description":"","id":"login;login-with-invalid-username-or-password","after":[{"result":{"error_message":"java.lang.NullPointerException: Cannot invoke \"org.openqa.selenium.WebDriver.close()\" because \"StepDef.CucumberHook.driver\" is null\r\n\tat StepDef.CucumberHook.afterTest(CucumberHook.java:19)\r\n","status":"failed"},"match":{"location":"StepDef.CucumberHook.afterTest()"}}],"type":"scenario","keyword":"Scenario","steps":[{"result":{"duration":334800,"status":"skipped"},"line":11,"name":"user is on login page","match":{"location":"StepDef.LoginStepDef.userIsOnLoginPage()"},"keyword":"Given "},{"result":{"status":"skipped"},"line":12,"name":"user input username with \"standard_user\"","match":{"arguments":[{"val":"\"standard_user\"","offset":25}],"location":"StepDef.LoginStepDef.userInputCorrectUsername(java.lang.String)"},"keyword":"When "},{"result":{"status":"skipped"},"line":13,"name":"user input password with \"random_password\"","match":{"arguments":[{"val":"\"random_password\"","offset":25}],"location":"StepDef.LoginStepDef.userInputPasswordWith(java.lang.String)"},"keyword":"And "},{"result":{"duration":1887500,"status":"skipped"},"line":14,"name":"user click login button","match":{"location":"StepDef.LoginStepDef.userClickLoginButton()"},"keyword":"And "},{"result":{"status":"skipped"},"line":15,"name":"user will show error message \"Epic sadface: Username and password do not match any user in this service\"","match":{"arguments":[{"val":"\"Epic sadface: Username and password do not match any user in this service\"","offset":29}],"location":"StepDef.LoginStepDef.userWillShowErrorMessage(java.lang.String)"},"keyword":"Then "}]}],"name":"Login","description":"","id":"login","keyword":"Feature","uri":"file:src/test/resources/login.feature","tags":[]}]